<?xml version="1.0" encoding="UTF-8"?>
<!-- Generated by org.testng.reporters.JUnitReportReporter -->
<testsuite hostname="LAPTOP-Jatin" failures="0" tests="2" name="test_cases.NewTest_1" time="51.163" errors="0" timestamp="2022-04-02T22:47:21 IST" skipped="0">
  <testcase classname="test_cases.NewTest_1" name="f" time="51.157"/>
  <system-out/>
  <testcase classname="test_cases.NewTest_1" name="second_test" time="0.006"/>
  <system-out/>
</testsuite> <!-- test_cases.NewTest_1 -->
