<?xml version="1.0" encoding="UTF-8"?>
<!-- Generated by org.testng.reporters.JUnitReportReporter -->
<testsuite hostname="HVTNDAL0823" failures="0" tests="2" name="test_cases.NewTest_1" time="23.481" errors="0" timestamp="2022-07-19T00:56:09 IST" skipped="0">
  <testcase classname="test_cases.NewTest_1" name="f" time="23.480"/>
  <system-out/>
  <testcase classname="test_cases.NewTest_1" name="second_test" time="0.001"/>
  <system-out/>
</testsuite> <!-- test_cases.NewTest_1 -->
