<?xml version="1.0" encoding="UTF-8"?>
<!-- Generated by org.testng.reporters.JUnitReportReporter -->
<testsuite hostname="HVTNDAL0823" failures="0" tests="1" name="facebook_TC.fb_try" time="32.192" errors="0" timestamp="2022-07-19T00:56:09 IST" skipped="0">
  <testcase classname="facebook_TC.fb_try" name="facebook" time="32.192"/>
  <system-out/>
</testsuite> <!-- facebook_TC.fb_try -->
